Loading db file '/home/raid7_2/userb09/b09194/ICDE_Final/fsa0m_a_generic_core_tt1p8v25c.db'
Information: Propagating switching activity (low effort zero delay simulation). (PWR-6)
Warning: Design has unannotated primary inputs. (PWR-414)
Warning: Design has unannotated sequential cell outputs. (PWR-415)
 
****************************************
Report : power
        -analysis_effort low
Design : BSW
Version: U-2022.12
Date   : Mon Jun 26 16:14:16 2023
****************************************


Library(s) Used:

    fsa0m_a_generic_core_tt1p8v25c (File: /home/raid7_2/userb09/b09194/ICDE_Final/fsa0m_a_generic_core_tt1p8v25c.db)


Operating Conditions: WCCOM   Library: fsa0m_a_generic_core_ss1p62v125c
Wire Load Model Mode: enclosed

Design        Wire Load Model            Library
------------------------------------------------
BSW                    G200K             fsa0m_a_generic_core_tt1p8v25c
PE_5                   enG5K             fsa0m_a_generic_core_tt1p8v25c
RAM_5                  enG5K             fsa0m_a_generic_core_tt1p8v25c
PE_0                   enG5K             fsa0m_a_generic_core_tt1p8v25c
PE_1                   enG5K             fsa0m_a_generic_core_tt1p8v25c
PE_2                   enG5K             fsa0m_a_generic_core_tt1p8v25c
PE_3                   enG5K             fsa0m_a_generic_core_tt1p8v25c
PE_4                   enG5K             fsa0m_a_generic_core_tt1p8v25c
RAM_0                  enG5K             fsa0m_a_generic_core_tt1p8v25c
RAM_1                  enG5K             fsa0m_a_generic_core_tt1p8v25c
RAM_2                  enG5K             fsa0m_a_generic_core_tt1p8v25c
RAM_3                  enG5K             fsa0m_a_generic_core_tt1p8v25c
RAM_4                  enG5K             fsa0m_a_generic_core_tt1p8v25c
BSW_DW01_inc_0         enG5K             fsa0m_a_generic_core_tt1p8v25c
BSW_DW01_inc_2         enG5K             fsa0m_a_generic_core_tt1p8v25c
BSW_DW01_inc_3         enG5K             fsa0m_a_generic_core_tt1p8v25c
BSW_DW01_inc_4         enG5K             fsa0m_a_generic_core_tt1p8v25c
BSW_DW01_add_3_DW01_add_15
                       enG5K             fsa0m_a_generic_core_tt1p8v25c
BSW_DW01_sub_10        enG5K             fsa0m_a_generic_core_tt1p8v25c
BSW_DW01_add_4_DW01_add_16
                       enG5K             fsa0m_a_generic_core_tt1p8v25c
BSW_DW01_sub_11        enG5K             fsa0m_a_generic_core_tt1p8v25c


Global Operating Voltage = 1.62 
Power-specific unit information :
    Voltage Units = 1V
    Capacitance Units = 1.000000pf
    Time Units = 1ns
    Dynamic Power Units = 1mW    (derived from V,C,T units)
    Leakage Power Units = 1pW


Attributes
----------
i - Including register clock pin internal power


  Cell Internal Power  =  12.6482 mW   (95%)
  Net Switching Power  = 618.8943 uW    (5%)
                         ---------
Total Dynamic Power    =  13.2671 mW  (100%)

Cell Leakage Power     =   1.6762 uW


                 Internal         Switching           Leakage            Total
Power Group      Power            Power               Power              Power   (   %    )  Attrs
--------------------------------------------------------------------------------------------------
io_pad             0.0000            0.0000            0.0000            0.0000  (   0.00%)
memory             0.0000            0.0000            0.0000            0.0000  (   0.00%)
black_box          0.0000            0.0000            0.0000            0.0000  (   0.00%)
clock_network     12.4293            0.0000            0.0000           12.4293  (  93.67%)  i
register       4.4698e-02        1.8847e-02        7.6955e+05        6.4320e-02  (   0.48%)
sequential         0.0000            0.0000            0.0000            0.0000  (   0.00%)
combinational      0.1748            0.6000        9.0660e+05            0.7758  (   5.85%)
--------------------------------------------------------------------------------------------------
Total             12.6488 mW         0.6189 mW     1.6762e+06 pW        13.2694 mW
1
